<?xml version="1.0" encoding="UTF-8"?>
<testng-results ignored="0" total="1" passed="1" failed="0" skipped="0">
  <reporter-output>
  </reporter-output>
  <suite started-at="2022-09-07T10:33:45 IST" name="Default suite" finished-at="2022-09-07T10:33:45 IST" duration-ms="52">
    <groups>
    </groups>
    <test started-at="2022-09-07T10:33:45 IST" name="Default test" finished-at="2022-09-07T10:33:45 IST" duration-ms="52">
      <class name="seleniumTestNgPrograms.FirstTestNgEx">
        <test-method is-config="true" signature="beforeTest()[pri:0, instance:seleniumTestNgPrograms.FirstTestNgEx@14dd9eb7]" started-at="2022-09-07T10:33:45 IST" name="beforeTest" finished-at="2022-09-07T10:33:45 IST" duration-ms="11" status="PASS">
          <reporter-output>
          </reporter-output>
        </test-method> <!-- beforeTest -->
        <test-method is-config="true" signature="beforeMethod()[pri:0, instance:seleniumTestNgPrograms.FirstTestNgEx@14dd9eb7]" started-at="2022-09-07T10:33:45 IST" name="beforeMethod" finished-at="2022-09-07T10:33:45 IST" duration-ms="0" status="PASS">
          <reporter-output>
          </reporter-output>
        </test-method> <!-- beforeMethod -->
        <test-method signature="f()[pri:0, instance:seleniumTestNgPrograms.FirstTestNgEx@14dd9eb7]" started-at="2022-09-07T10:33:45 IST" name="f" finished-at="2022-09-07T10:33:45 IST" duration-ms="5" status="PASS">
          <reporter-output>
          </reporter-output>
        </test-method> <!-- f -->
        <test-method is-config="true" signature="afterMethod()[pri:0, instance:seleniumTestNgPrograms.FirstTestNgEx@14dd9eb7]" started-at="2022-09-07T10:33:45 IST" name="afterMethod" finished-at="2022-09-07T10:33:45 IST" duration-ms="0" status="PASS">
          <reporter-output>
          </reporter-output>
        </test-method> <!-- afterMethod -->
        <test-method is-config="true" signature="afterTest()[pri:0, instance:seleniumTestNgPrograms.FirstTestNgEx@14dd9eb7]" started-at="2022-09-07T10:33:45 IST" name="afterTest" finished-at="2022-09-07T10:33:45 IST" duration-ms="1" status="PASS">
          <reporter-output>
          </reporter-output>
        </test-method> <!-- afterTest -->
      </class> <!-- seleniumTestNgPrograms.FirstTestNgEx -->
    </test> <!-- Default test -->
  </suite> <!-- Default suite -->
</testng-results>
